Arguments: 
  D:\Program Files\nodejs\node.exe C:\Users\malinda\AppData\Roaming\npm\node_modules\yarn\bin\yarn.js

PATH: 
  C:\Program Files\Common Files\Oracle\Java\javapath;C:\Program Files (x86)\Microsoft SDKs\Azure\CLI2\wbin;C:\Python310\Scripts\;C:\Python310\;C:\Windows\system32;C:\Windows;C:\Windows\System32\Wbem;C:\Windows\System32\WindowsPowerShell\v1.0\;C:\Windows\System32\OpenSSH\;D:\Program Files\nodejs\;C:\ProgramData\chocolatey\bin;D:\Program Files\Git\cmd;C:\Program Files\Microsoft SQL Server\150\Tools\Binn\;C:\Program Files\dotnet\;C:\Program Files\Microsoft SQL Server\130\Tools\Binn\;D:\Program Files\OpenSSL-Win64\bin;D:\Program Files (x86)\Google\Cloud SDK\google-cloud-sdk\bin;C:\Program Files\Docker\Docker\resources\bin;C:\ProgramData\DockerDesktop\version-bin;D:\Program Files\TortoiseGit\bin;C:\WINDOWS\system32;C:\WINDOWS;C:\WINDOWS\System32\Wbem;C:\WINDOWS\System32\WindowsPowerShell\v1.0\;C:\WINDOWS\System32\OpenSSH\;C:\Users\malinda\AppData\Local\Microsoft\WindowsApps;D:\Users\malinda\AppData\Local\Programs\Microsoft VS Code\bin;C:\Users\malinda\AppData\Roaming\npm;C:\Users\malinda\.dotnet\tools;C:\Users\malinda\AppData\Local\GitHubDesktop\bin;

Yarn version: 
  1.22.18

Node version: 
  16.15.0

Platform: 
  win32 x64

Trace: 
  SyntaxError: F:\vbook\server3\package.json: Unexpected token } in JSON at position 784
      at JSON.parse (<anonymous>)
      at C:\Users\malinda\AppData\Roaming\npm\node_modules\yarn\lib\cli.js:1625:59
      at Generator.next (<anonymous>)
      at step (C:\Users\malinda\AppData\Roaming\npm\node_modules\yarn\lib\cli.js:310:30)
      at C:\Users\malinda\AppData\Roaming\npm\node_modules\yarn\lib\cli.js:321:13

npm manifest: 
  {
    "name": "cognite-remote-backend",
    "version": "1.0.0",
    "description": "",
    "main": "index.js",
    "scripts": {
      "test": "yarn test",
      "build": "npm run clean && tsc && npm run copy",
      "start": "nodemon ./src/index.ts",
      "copy": "node ./scripts/copyConfig.js",
      "clean": "if exist dist rmdir /s/q dist"
    },
    "repository": {
      "type": "git",
      "url": "git url"
    },
    "author": "",
    "license": "ISC",
    "dependencies": {
      "cors": "^2.8.5",
      "dotenv": "^16.0.1",
      "express": "^4.18.1",
      "sequelize": "^6.17.0"
    },
    "devDependencies": {
      "tsconfig-paths": "^4.0.0",
      "@types/cors": "^2.8.12",
      "@types/express": "^4.17.13",
      "@types/node": "^18.0.4",
      "nodemon": "^2.0.19",
      "ts-node": "^10.8.2",
      "typescript": "^4.7.4",
    }
  }

yarn manifest: 
  No manifest

Lockfile: 
  No lockfile
